# JRE version: OpenJDK Runtime Environment JBR-17.0.10+1-1087.23-jcef (17.0.10+1) (build 17.0.10+1-b1087.23)
# Java VM: OpenJDK 64-Bit Server VM JBR-17.0.10+1-1087.23-jcef (17.0.10+1-b1087.23, mixed mode, tiered, compressed oops, compressed class ptrs, g1 gc, windows-amd64)
GC Precious Log:
 CPUs: 4 total, 4 available
 Memory: 6060M
 Large Page Support: Disabled
 NUMA Support: Disabled
 Compressed Oops: Enabled (32-bit)
 Heap Region Size: 1M
 Heap Min Capacity: 128M
 Heap Initial Capacity: 128M
 Heap Max Capacity: 2G
 Pre-touch: Disabled
 Parallel Workers: 4
 Concurrent Workers: 1
 Concurrent Refinement Workers: 4
 Periodic GC: Disabled
Heap:
 garbage-first heap   total 345088K, used 239616K [0x0000000080000000, 0x0000000100000000)
  region size 1024K, 6 young (6144K), 6 survivors (6144K)
 Metaspace       used 37318K, committed 37632K, reserved 1114112K
  class space    used 4082K, committed 4224K, reserved 1048576K
GC Heap History (20 events):
Event: 7.508 GC heap after
{Heap after GC invocations=9 (full 0):
 garbage-first heap   total 162816K, used 50867K [0x0000000080000000, 0x0000000100000000)
  region size 1024K, 9 young (9216K), 9 survivors (9216K)
 Metaspace       used 36701K, committed 37056K, reserved 1114112K
  class space    used 4078K, committed 4224K, reserved 1048576K
}
Event: 8.515 GC heap before
{Heap before GC invocations=9 (full 0):
 garbage-first heap   total 162816K, used 122547K [0x0000000080000000, 0x0000000100000000)
  region size 1024K, 71 young (72704K), 9 survivors (9216K)
 Metaspace       used 37027K, committed 37312K, reserved 1114112K
  class space    used 4079K, committed 4224K, reserved 1048576K
}
Event: 8.563 GC heap after
{Heap after GC invocations=10 (full 0):
 garbage-first heap   total 162816K, used 84760K [0x0000000080000000, 0x0000000100000000)
  region size 1024K, 9 young (9216K), 9 survivors (9216K)
 Metaspace       used 37027K, committed 37312K, reserved 1114112K
  class space    used 4079K, committed 4224K, reserved 1048576K
}
Event: 8.880 GC heap before
{Heap before GC invocations=10 (full 0):
 garbage-first heap   total 162816K, used 118552K [0x0000000080000000, 0x0000000100000000)
  region size 1024K, 42 young (43008K), 9 survivors (9216K)
 Metaspace       used 37087K, committed 37376K, reserved 1114112K
  class space    used 4079K, committed 4224K, reserved 1048576K
}
Event: 8.913 GC heap after
{Heap after GC invocations=11 (full 0):
 garbage-first heap   total 162816K, used 100352K [0x0000000080000000, 0x0000000100000000)
  region size 1024K, 6 young (6144K), 6 survivors (6144K)
 Metaspace       used 37087K, committed 37376K, reserved 1114112K
  class space    used 4079K, committed 4224K, reserved 1048576K
}
Event: 9.145 GC heap before
{Heap before GC invocations=12 (full 0):
 garbage-first heap   total 183296K, used 123904K [0x0000000080000000, 0x0000000100000000)
  region size 1024K, 29 young (29696K), 6 survivors (6144K)
 Metaspace       used 37072K, committed 37376K, reserved 1114112K
  class space    used 4074K, committed 4224K, reserved 1048576K
}
Event: 9.165 GC heap after
{Heap after GC invocations=13 (full 0):
 garbage-first heap   total 183296K, used 111104K [0x0000000080000000, 0x0000000100000000)
  region size 1024K, 4 young (4096K), 4 survivors (4096K)
 Metaspace       used 37072K, committed 37376K, reserved 1114112K
  class space    used 4074K, committed 4224K, reserved 1048576K
}
Event: 9.484 GC heap before
{Heap before GC invocations=13 (full 0):
 garbage-first heap   total 183296K, used 137728K [0x0000000080000000, 0x0000000100000000)
  region size 1024K, 30 young (30720K), 4 survivors (4096K)
 Metaspace       used 37088K, committed 37376K, reserved 1114112K
  class space    used 4074K, committed 4224K, reserved 1048576K
}
Event: 9.516 GC heap after
{Heap after GC invocations=14 (full 0):
 garbage-first heap   total 311296K, used 123392K [0x0000000080000000, 0x0000000100000000)
  region size 1024K, 4 young (4096K), 4 survivors (4096K)
 Metaspace       used 37088K, committed 37376K, reserved 1114112K
  class space    used 4074K, committed 4224K, reserved 1048576K
}
Event: 10.782 GC heap before
{Heap before GC invocations=15 (full 0):
 garbage-first heap   total 311296K, used 197120K [0x0000000080000000, 0x0000000100000000)
  region size 1024K, 77 young (78848K), 4 survivors (4096K)
 Metaspace       used 37303K, committed 37632K, reserved 1114112K
  class space    used 4081K, committed 4224K, reserved 1048576K
}
Event: 10.877 GC heap after
{Heap after GC invocations=16 (full 0):
 garbage-first heap   total 311296K, used 157696K [0x0000000080000000, 0x0000000100000000)
  region size 1024K, 10 young (10240K), 10 survivors (10240K)
 Metaspace       used 37303K, committed 37632K, reserved 1114112K
  class space    used 4081K, committed 4224K, reserved 1048576K
}
Event: 11.504 GC heap before
{Heap before GC invocations=16 (full 0):
 garbage-first heap   total 311296K, used 197632K [0x0000000080000000, 0x0000000100000000)
  region size 1024K, 49 young (50176K), 10 survivors (10240K)
 Metaspace       used 37309K, committed 37632K, reserved 1114112K
  class space    used 4082K, committed 4224K, reserved 1048576K
}
Event: 11.550 GC heap after
{Heap after GC invocations=17 (full 0):
 garbage-first heap   total 311296K, used 175616K [0x0000000080000000, 0x0000000100000000)
  region size 1024K, 7 young (7168K), 7 survivors (7168K)
 Metaspace       used 37309K, committed 37632K, reserved 1114112K
  class space    used 4082K, committed 4224K, reserved 1048576K
}
Event: 11.989 GC heap before
{Heap before GC invocations=17 (full 0):
 garbage-first heap   total 311296K, used 225792K [0x0000000080000000, 0x0000000100000000)
  region size 1024K, 56 young (57344K), 7 survivors (7168K)
 Metaspace       used 37309K, committed 37632K, reserved 1114112K
  class space    used 4082K, committed 4224K, reserved 1048576K
}
Event: 12.031 GC heap after
{Heap after GC invocations=18 (full 0):
 garbage-first heap   total 311296K, used 198656K [0x0000000080000000, 0x0000000100000000)
  region size 1024K, 7 young (7168K), 7 survivors (7168K)
 Metaspace       used 37309K, committed 37632K, reserved 1114112K
  class space    used 4082K, committed 4224K, reserved 1048576K
}
Event: 12.319 GC heap before
{Heap before GC invocations=19 (full 0):
 garbage-first heap   total 345088K, used 237568K [0x0000000080000000, 0x0000000100000000)
  region size 1024K, 45 young (46080K), 7 survivors (7168K)
 Metaspace       used 37309K, committed 37632K, reserved 1114112K
  class space    used 4082K, committed 4224K, reserved 1048576K
}
Event: 12.484 GC heap after
{Heap after GC invocations=20 (full 0):
 garbage-first heap   total 345088K, used 216576K [0x0000000080000000, 0x0000000100000000)
  region size 1024K, 6 young (6144K), 6 survivors (6144K)
 Metaspace       used 37309K, committed 37632K, reserved 1114112K
  class space    used 4082K, committed 4224K, reserved 1048576K
}
Event: 12.645 GC heap before
{Heap before GC invocations=20 (full 0):
 garbage-first heap   total 345088K, used 226816K [0x0000000080000000, 0x0000000100000000)
  region size 1024K, 16 young (16384K), 6 survivors (6144K)
 Metaspace       used 37309K, committed 37632K, reserved 1114112K
  class space    used 4082K, committed 4224K, reserved 1048576K
}
Event: 12.692 GC heap after
{Heap after GC invocations=21 (full 0):
 garbage-first heap   total 345088K, used 221184K [0x0000000080000000, 0x0000000100000000)
  region size 1024K, 2 young (2048K), 2 survivors (2048K)
 Metaspace       used 37309K, committed 37632K, reserved 1114112K
  class space    used 4082K, committed 4224K, reserved 1048576K
}
Event: 13.443 GC heap before
{Heap before GC invocations=21 (full 0):
 garbage-first heap   total 345088K, used 264192K [0x0000000080000000, 0x0000000100000000)
  region size 1024K, 44 young (45056K), 2 survivors (2048K)
 Metaspace       used 37318K, committed 37632K, reserved 1114112K
  class space    used 4082K, committed 4224K, reserved 1048576K
}

