# JRE version: OpenJDK Runtime Environment JBR-17.0.10+1-1087.23-jcef (17.0.10+1) (build 17.0.10+1-b1087.23)
# Java VM: OpenJDK 64-Bit Server VM JBR-17.0.10+1-1087.23-jcef (17.0.10+1-b1087.23, mixed mode, tiered, compressed oops, compressed class ptrs, g1 gc, windows-amd64)
GC Precious Log:
 CPUs: 4 total, 4 available
 Memory: 6060M
 Large Page Support: Disabled
 NUMA Support: Disabled
 Compressed Oops: Enabled (32-bit)
 Heap Region Size: 1M
 Heap Min Capacity: 128M
 Heap Initial Capacity: 128M
 Heap Max Capacity: 2G
 Pre-touch: Disabled
 Parallel Workers: 4
 Concurrent Workers: 1
 Concurrent Refinement Workers: 4
 Periodic GC: Disabled
Heap:
 garbage-first heap   total 194560K, used 128512K [0x0000000080000000, 0x0000000100000000)
  region size 1024K, 5 young (5120K), 5 survivors (5120K)
 Metaspace       used 36856K, committed 37120K, reserved 1114112K
  class space    used 4041K, committed 4160K, reserved 1048576K
GC Heap History (17 events):
Event: 1.454 GC heap before
{Heap before GC invocations=0 (full 0):
 garbage-first heap   total 131072K, used 17408K [0x0000000080000000, 0x0000000100000000)
  region size 1024K, 13 young (13312K), 0 survivors (0K)
 Metaspace       used 11703K, committed 11840K, reserved 1114112K
  class space    used 1046K, committed 1088K, reserved 1048576K
}
Event: 1.459 GC heap after
{Heap after GC invocations=1 (full 0):
 garbage-first heap   total 131072K, used 8039K [0x0000000080000000, 0x0000000100000000)
  region size 1024K, 2 young (2048K), 2 survivors (2048K)
 Metaspace       used 11703K, committed 11840K, reserved 1114112K
  class space    used 1046K, committed 1088K, reserved 1048576K
}
Event: 2.955 GC heap before
{Heap before GC invocations=1 (full 0):
 garbage-first heap   total 131072K, used 23399K [0x0000000080000000, 0x0000000100000000)
  region size 1024K, 18 young (18432K), 2 survivors (2048K)
 Metaspace       used 19558K, committed 19840K, reserved 1114112K
  class space    used 1849K, committed 1984K, reserved 1048576K
}
Event: 2.962 GC heap after
{Heap after GC invocations=2 (full 0):
 garbage-first heap   total 131072K, used 9871K [0x0000000080000000, 0x0000000100000000)
  region size 1024K, 2 young (2048K), 2 survivors (2048K)
 Metaspace       used 19558K, committed 19840K, reserved 1114112K
  class space    used 1849K, committed 1984K, reserved 1048576K
}
Event: 3.083 GC heap before
{Heap before GC invocations=2 (full 0):
 garbage-first heap   total 131072K, used 18063K [0x0000000080000000, 0x0000000100000000)
  region size 1024K, 11 young (11264K), 2 survivors (2048K)
 Metaspace       used 21294K, committed 21504K, reserved 1114112K
  class space    used 2038K, committed 2176K, reserved 1048576K
}
Event: 3.086 GC heap after
{Heap after GC invocations=3 (full 0):
 garbage-first heap   total 131072K, used 10356K [0x0000000080000000, 0x0000000100000000)
  region size 1024K, 2 young (2048K), 2 survivors (2048K)
 Metaspace       used 21294K, committed 21504K, reserved 1114112K
  class space    used 2038K, committed 2176K, reserved 1048576K
}
Event: 6.116 GC heap before
{Heap before GC invocations=4 (full 0):
 garbage-first heap   total 194560K, used 177268K [0x0000000080000000, 0x0000000100000000)
  region size 1024K, 56 young (57344K), 2 survivors (2048K)
 Metaspace       used 35906K, committed 36160K, reserved 1114112K
  class space    used 3965K, committed 4096K, reserved 1048576K
}
Event: 6.131 GC heap after
{Heap after GC invocations=5 (full 0):
 garbage-first heap   total 194560K, used 49195K [0x0000000080000000, 0x0000000100000000)
  region size 1024K, 9 young (9216K), 9 survivors (9216K)
 Metaspace       used 35906K, committed 36160K, reserved 1114112K
  class space    used 3965K, committed 4096K, reserved 1048576K
}
Event: 6.138 GC heap before
{Heap before GC invocations=5 (full 0):
 garbage-first heap   total 194560K, used 50219K [0x0000000080000000, 0x0000000100000000)
  region size 1024K, 10 young (10240K), 9 survivors (9216K)
 Metaspace       used 35908K, committed 36224K, reserved 1114112K
  class space    used 3965K, committed 4096K, reserved 1048576K
}
Event: 6.151 GC heap after
{Heap after GC invocations=6 (full 0):
 garbage-first heap   total 194560K, used 50086K [0x0000000080000000, 0x0000000100000000)
  region size 1024K, 2 young (2048K), 2 survivors (2048K)
 Metaspace       used 35908K, committed 36224K, reserved 1114112K
  class space    used 3965K, committed 4096K, reserved 1048576K
}
Event: 8.139 GC heap before
{Heap before GC invocations=6 (full 0):
 garbage-first heap   total 194560K, used 136102K [0x0000000080000000, 0x0000000100000000)
  region size 1024K, 79 young (80896K), 2 survivors (2048K)
 Metaspace       used 36199K, committed 36480K, reserved 1114112K
  class space    used 3966K, committed 4096K, reserved 1048576K
}
Event: 8.200 GC heap after
{Heap after GC invocations=7 (full 0):
 garbage-first heap   total 194560K, used 92464K [0x0000000080000000, 0x0000000100000000)
  region size 1024K, 12 young (12288K), 12 survivors (12288K)
 Metaspace       used 36199K, committed 36480K, reserved 1114112K
  class space    used 3966K, committed 4096K, reserved 1048576K
}
Event: 8.537 GC heap before
{Heap before GC invocations=8 (full 0):
 garbage-first heap   total 194560K, used 98608K [0x0000000080000000, 0x0000000100000000)
  region size 1024K, 19 young (19456K), 12 survivors (12288K)
 Metaspace       used 36191K, committed 36544K, reserved 1114112K
  class space    used 3962K, committed 4096K, reserved 1048576K
}
Event: 8.588 GC heap after
{Heap after GC invocations=9 (full 0):
 garbage-first heap   total 194560K, used 96768K [0x0000000080000000, 0x0000000100000000)
  region size 1024K, 3 young (3072K), 3 survivors (3072K)
 Metaspace       used 36191K, committed 36544K, reserved 1114112K
  class space    used 3962K, committed 4096K, reserved 1048576K
}
Event: 9.083 GC heap before
{Heap before GC invocations=9 (full 0):
 garbage-first heap   total 194560K, used 135680K [0x0000000080000000, 0x0000000100000000)
  region size 1024K, 41 young (41984K), 3 survivors (3072K)
 Metaspace       used 36393K, committed 36672K, reserved 1114112K
  class space    used 3980K, committed 4096K, reserved 1048576K
}
Event: 9.108 GC heap after
{Heap after GC invocations=10 (full 0):
 garbage-first heap   total 194560K, used 114176K [0x0000000080000000, 0x0000000100000000)
  region size 1024K, 6 young (6144K), 6 survivors (6144K)
 Metaspace       used 36393K, committed 36672K, reserved 1114112K
  class space    used 3980K, committed 4096K, reserved 1048576K
}
Event: 9.303 GC heap before
{Heap before GC invocations=10 (full 0):
 garbage-first heap   total 194560K, used 142848K [0x0000000080000000, 0x0000000100000000)
  region size 1024K, 35 young (35840K), 6 survivors (6144K)
 Metaspace       used 36856K, committed 37120K, reserved 1114112K
  class space    used 4041K, committed 4160K, reserved 1048576K
}

