# JRE version: OpenJDK Runtime Environment JBR-17.0.10+1-1087.23-jcef (17.0.10+1) (build 17.0.10+1-b1087.23)
# Java VM: OpenJDK 64-Bit Server VM JBR-17.0.10+1-1087.23-jcef (17.0.10+1-b1087.23, mixed mode, tiered, compressed oops, compressed class ptrs, g1 gc, windows-amd64)
GC Precious Log:
 CPUs: 4 total, 4 available
 Memory: 6060M
 Large Page Support: Disabled
 NUMA Support: Disabled
 Compressed Oops: Enabled (32-bit)
 Heap Region Size: 1M
 Heap Min Capacity: 128M
 Heap Initial Capacity: 128M
 Heap Max Capacity: 2G
 Pre-touch: Disabled
 Parallel Workers: 4
 Concurrent Workers: 1
 Concurrent Refinement Workers: 4
 Periodic GC: Disabled
Heap:
 garbage-first heap   total 396288K, used 312832K [0x0000000080000000, 0x0000000100000000)
  region size 1024K, 53 young (54272K), 11 survivors (11264K)
 Metaspace       used 38662K, committed 38976K, reserved 1114112K
  class space    used 4257K, committed 4352K, reserved 1048576K
GC Heap History (20 events):
Event: 6.133 GC heap before
{Heap before GC invocations=6 (full 0):
 garbage-first heap   total 131072K, used 63919K [0x0000000080000000, 0x0000000100000000)
  region size 1024K, 8 young (8192K), 6 survivors (6144K)
 Metaspace       used 36090K, committed 36416K, reserved 1114112K
  class space    used 4046K, committed 4160K, reserved 1048576K
}
Event: 6.141 GC heap after
{Heap after GC invocations=7 (full 0):
 garbage-first heap   total 131072K, used 46893K [0x0000000080000000, 0x0000000100000000)
  region size 1024K, 5 young (5120K), 5 survivors (5120K)
 Metaspace       used 36090K, committed 36416K, reserved 1114112K
  class space    used 4046K, committed 4160K, reserved 1048576K
}
Event: 6.244 GC heap before
{Heap before GC invocations=7 (full 0):
 garbage-first heap   total 131072K, used 78637K [0x0000000080000000, 0x0000000100000000)
  region size 1024K, 5 young (5120K), 5 survivors (5120K)
 Metaspace       used 36090K, committed 36416K, reserved 1114112K
  class space    used 4046K, committed 4160K, reserved 1048576K
}
Event: 6.251 GC heap after
{Heap after GC invocations=8 (full 0):
 garbage-first heap   total 131072K, used 62054K [0x0000000080000000, 0x0000000100000000)
  region size 1024K, 4 young (4096K), 4 survivors (4096K)
 Metaspace       used 36090K, committed 36416K, reserved 1114112K
  class space    used 4046K, committed 4160K, reserved 1048576K
}
Event: 6.792 GC heap before
{Heap before GC invocations=8 (full 0):
 garbage-first heap   total 162816K, used 104038K [0x0000000080000000, 0x0000000100000000)
  region size 1024K, 16 young (16384K), 4 survivors (4096K)
 Metaspace       used 36745K, committed 37056K, reserved 1114112K
  class space    used 4076K, committed 4224K, reserved 1048576K
}
Event: 6.804 GC heap after
{Heap after GC invocations=9 (full 0):
 garbage-first heap   total 232448K, used 51498K [0x0000000080000000, 0x0000000100000000)
  region size 1024K, 6 young (6144K), 6 survivors (6144K)
 Metaspace       used 36745K, committed 37056K, reserved 1114112K
  class space    used 4076K, committed 4224K, reserved 1048576K
}
Event: 10.314 GC heap before
{Heap before GC invocations=9 (full 0):
 garbage-first heap   total 232448K, used 170282K [0x0000000080000000, 0x0000000100000000)
  region size 1024K, 113 young (115712K), 6 survivors (6144K)
 Metaspace       used 37106K, committed 37440K, reserved 1114112K
  class space    used 4078K, committed 4224K, reserved 1048576K
}
Event: 10.393 GC heap after
{Heap after GC invocations=10 (full 0):
 garbage-first heap   total 232448K, used 105449K [0x0000000080000000, 0x0000000100000000)
  region size 1024K, 15 young (15360K), 15 survivors (15360K)
 Metaspace       used 37106K, committed 37440K, reserved 1114112K
  class space    used 4078K, committed 4224K, reserved 1048576K
}
Event: 10.697 GC heap before
{Heap before GC invocations=10 (full 0):
 garbage-first heap   total 232448K, used 144361K [0x0000000080000000, 0x0000000100000000)
  region size 1024K, 53 young (54272K), 15 survivors (15360K)
 Metaspace       used 37118K, committed 37440K, reserved 1114112K
  class space    used 4078K, committed 4224K, reserved 1048576K
}
Event: 10.764 GC heap after
{Heap after GC invocations=11 (full 0):
 garbage-first heap   total 232448K, used 123392K [0x0000000080000000, 0x0000000100000000)
  region size 1024K, 7 young (7168K), 7 survivors (7168K)
 Metaspace       used 37118K, committed 37440K, reserved 1114112K
  class space    used 4078K, committed 4224K, reserved 1048576K
}
Event: 10.784 GC heap before
{Heap before GC invocations=11 (full 0):
 garbage-first heap   total 232448K, used 127488K [0x0000000080000000, 0x0000000100000000)
  region size 1024K, 11 young (11264K), 7 survivors (7168K)
 Metaspace       used 37124K, committed 37440K, reserved 1114112K
  class space    used 4078K, committed 4224K, reserved 1048576K
}
Event: 10.803 GC heap after
{Heap after GC invocations=12 (full 0):
 garbage-first heap   total 232448K, used 126976K [0x0000000080000000, 0x0000000100000000)
  region size 1024K, 2 young (2048K), 2 survivors (2048K)
 Metaspace       used 37124K, committed 37440K, reserved 1114112K
  class space    used 4078K, committed 4224K, reserved 1048576K
}
Event: 11.049 GC heap before
{Heap before GC invocations=12 (full 0):
 garbage-first heap   total 244736K, used 148480K [0x0000000080000000, 0x0000000100000000)
  region size 1024K, 23 young (23552K), 2 survivors (2048K)
 Metaspace       used 37105K, committed 37440K, reserved 1114112K
  class space    used 4074K, committed 4224K, reserved 1048576K
}
Event: 11.068 GC heap after
{Heap after GC invocations=13 (full 0):
 garbage-first heap   total 396288K, used 136704K [0x0000000080000000, 0x0000000100000000)
  region size 1024K, 3 young (3072K), 3 survivors (3072K)
 Metaspace       used 37105K, committed 37440K, reserved 1114112K
  class space    used 4074K, committed 4224K, reserved 1048576K
}
Event: 13.227 GC heap before
{Heap before GC invocations=14 (full 0):
 garbage-first heap   total 396288K, used 201216K [0x0000000080000000, 0x0000000100000000)
  region size 1024K, 66 young (67584K), 3 survivors (3072K)
 Metaspace       used 37289K, committed 37568K, reserved 1114112K
  class space    used 4081K, committed 4224K, reserved 1048576K
}
Event: 13.303 GC heap after
{Heap after GC invocations=15 (full 0):
 garbage-first heap   total 396288K, used 166741K [0x0000000080000000, 0x0000000100000000)
  region size 1024K, 9 young (9216K), 9 survivors (9216K)
 Metaspace       used 37289K, committed 37568K, reserved 1114112K
  class space    used 4081K, committed 4224K, reserved 1048576K
}
Event: 15.362 GC heap before
{Heap before GC invocations=15 (full 0):
 garbage-first heap   total 396288K, used 243541K [0x0000000080000000, 0x0000000100000000)
  region size 1024K, 84 young (86016K), 9 survivors (9216K)
 Metaspace       used 37293K, committed 37568K, reserved 1114112K
  class space    used 4081K, committed 4224K, reserved 1048576K
}
Event: 15.434 GC heap after
{Heap after GC invocations=16 (full 0):
 garbage-first heap   total 396288K, used 201216K [0x0000000080000000, 0x0000000100000000)
  region size 1024K, 11 young (11264K), 11 survivors (11264K)
 Metaspace       used 37293K, committed 37568K, reserved 1114112K
  class space    used 4081K, committed 4224K, reserved 1048576K
}
Event: 17.051 GC heap before
{Heap before GC invocations=16 (full 0):
 garbage-first heap   total 396288K, used 278016K [0x0000000080000000, 0x0000000100000000)
  region size 1024K, 86 young (88064K), 11 survivors (11264K)
 Metaspace       used 37313K, committed 37568K, reserved 1114112K
  class space    used 4082K, committed 4224K, reserved 1048576K
}
Event: 17.155 GC heap after
{Heap after GC invocations=17 (full 0):
 garbage-first heap   total 396288K, used 233984K [0x0000000080000000, 0x0000000100000000)
  region size 1024K, 11 young (11264K), 11 survivors (11264K)
 Metaspace       used 37313K, committed 37568K, reserved 1114112K
  class space    used 4082K, committed 4224K, reserved 1048576K
}

